\BOOKMARK [1][-]{section.1}{\376\377\000I\000n\000t\000r\000o\000d\000u\000c\000t\000i\000o\000n}{}% 1
\BOOKMARK [1][-]{section.2}{\376\377\000R\000e\000l\000a\000t\000e\000d\000\040\000W\000o\000r\000k}{}% 2
\BOOKMARK [1][-]{section.3}{\376\377\000M\000e\000t\000h\000o\000d\000o\000l\000o\000g\000y}{}% 3
\BOOKMARK [2][-]{subsection.3.1}{\376\377\000B\000a\000s\000e\000l\000i\000n\000e\000\040\000G\000N\000N}{section.3}% 4
\BOOKMARK [2][-]{subsection.3.2}{\376\377\000R\000e\000g\000u\000l\000a\000r\000i\000z\000a\000t\000i\000o\000n}{section.3}% 5
\BOOKMARK [2][-]{subsection.3.3}{\376\377\000H\000o\000w\000\040\000s\000m\000a\000l\000l\000\040\000K\000A\000N\000\040\000w\000e\000\040\000g\000e\000t\000?}{section.3}% 6
\BOOKMARK [1][-]{section.4}{\376\377\000D\000i\000f\000f\000e\000r\000e\000n\000t\000\040\000F\000o\000r\000c\000e\000\040\000F\000u\000n\000c\000t\000i\000o\000n\000s}{}% 7
\BOOKMARK [1][-]{section.5}{\376\377\000R\000e\000s\000u\000l\000t\000s}{}% 8
\BOOKMARK [2][-]{subsection.5.1}{\376\377\000B\000a\000s\000e\000l\000i\000n\000e\000\040\000G\000N\000N}{section.5}% 9
\BOOKMARK [2][-]{subsection.5.2}{\376\377\000R\000e\000g\000u\000l\000a\000r\000i\000z\000a\000t\000i\000o\000n}{section.5}% 10
\BOOKMARK [2][-]{subsection.5.3}{\376\377\000H\000o\000w\000\040\000s\000m\000a\000l\000l\000\040\000K\000A\000N\000\040\000w\000e\000\040\000g\000e\000t\000?}{section.5}% 11
\BOOKMARK [2][-]{subsection.5.4}{\376\377\000D\000i\000f\000f\000e\000r\000e\000n\000t\000\040\000f\000o\000r\000c\000e\000\040\000f\000u\000n\000c\000t\000i\000o\000n\000s}{section.5}% 12
\BOOKMARK [1][-]{section.6}{\376\377\000D\000i\000s\000c\000u\000s\000s\000i\000o\000n}{}% 13
\BOOKMARK [2][-]{subsection.6.1}{\376\377\000R\000e\000g\000u\000l\000a\000r\000i\000z\000a\000t\000i\000o\000n}{section.6}% 14
\BOOKMARK [2][-]{subsection.6.2}{\376\377\000H\000o\000w\000\040\000s\000m\000a\000l\000l\000\040\000K\000A\000N\000\040\000w\000e\000\040\000g\000e\000t\000?}{section.6}% 15
\BOOKMARK [2][-]{subsection.6.3}{\376\377\000D\000i\000f\000f\000e\000r\000e\000n\000t\000\040\000f\000o\000r\000c\000e\000\040\000f\000u\000n\000c\000t\000i\000o\000n\000s}{section.6}% 16
\BOOKMARK [2][-]{subsection.6.4}{\376\377\000K\000A\000N\000'\000t\000\040\000O\000p\000t\000i\000m\000i\000z\000e}{section.6}% 17
\BOOKMARK [1][-]{section.7}{\376\377\000C\000o\000n\000c\000l\000u\000s\000i\000o\000n}{}% 18
\BOOKMARK [1][-]{appendix.A}{\376\377\000S\000u\000p\000p\000l\000e\000m\000e\000n\000t\000a\000r\000y\000\040\000m\000a\000t\000e\000r\000i\000a\000l}{}% 19
\BOOKMARK [2][-]{subsection.A.1}{\376\377\000C\000o\000d\000e\000\040\000a\000n\000d\000\040\000E\000x\000p\000e\000r\000i\000m\000e\000n\000t\000s}{appendix.A}% 20
\BOOKMARK [2][-]{subsection.A.2}{\376\377\000A\000d\000d\000i\000t\000i\000o\000n\000a\000l\000\040\000V\000i\000s\000u\000a\000l\000i\000z\000a\000t\000i\000o\000n\000s\000\040\000a\000n\000d\000\040\000R\000e\000s\000u\000l\000t\000s}{appendix.A}% 21
\BOOKMARK [3][-]{subsubsection.A.2.1}{\376\377\000R\000e\000g\000u\000l\000a\000r\000i\000z\000a\000t\000i\000o\000n}{subsection.A.2}% 22
\BOOKMARK [3][-]{subsubsection.A.2.2}{\376\377\000H\000o\000w\000\040\000S\000m\000a\000l\000l\000\040\000K\000A\000N\000\040\000W\000e\000\040\000G\000e\000t\000?}{subsection.A.2}% 23
\BOOKMARK [3][-]{subsubsection.A.2.3}{\376\377\000D\000i\000f\000f\000e\000r\000e\000n\000t\000\040\000F\000o\000r\000c\000e\000\040\000F\000u\000n\000c\000t\000i\000o\000n\000s}{subsection.A.2}% 24
